[Tue Dec 12 08:22:01.149568 2023] [ssl:warn] [pid 9:tid 140201503180672] AH01909: 172.28.0.3:443:0 server certificate does NOT include an ID which matches the server name
AH00558: apache2: Could not reliably determine the server's fully qualified domain name, using 172.28.0.3. Set the 'ServerName' directive globally to suppress this message
[Tue Dec 12 08:22:01.163658 2023] [ssl:warn] [pid 9:tid 140201503180672] AH01909: 172.28.0.3:443:0 server certificate does NOT include an ID which matches the server name
[Tue Dec 12 08:22:01.164621 2023] [mpm_event:notice] [pid 9:tid 140201503180672] AH00489: Apache/2.4.52 (Ubuntu) OpenSSL/3.0.2 configured -- resuming normal operations
[Tue Dec 12 08:22:01.164929 2023] [core:notice] [pid 9:tid 140201503180672] AH00094: Command line: '/usr/sbin/apache2 -D FOREGROUND'
[Tue Dec 12 10:47:11.479656 2023] [mpm_event:notice] [pid 9:tid 140201503180672] AH00491: caught SIGTERM, shutting down
[Tue Dec 12 10:47:12.237729 2023] [ssl:warn] [pid 8:tid 140032649582464] AH01909: 172.28.0.3:443:0 server certificate does NOT include an ID which matches the server name
AH00558: apache2: Could not reliably determine the server's fully qualified domain name, using 172.28.0.3. Set the 'ServerName' directive globally to suppress this message
[Tue Dec 12 10:47:12.251023 2023] [ssl:warn] [pid 8:tid 140032649582464] AH01909: 172.28.0.3:443:0 server certificate does NOT include an ID which matches the server name
[Tue Dec 12 10:47:12.252276 2023] [mpm_event:notice] [pid 8:tid 140032649582464] AH00489: Apache/2.4.52 (Ubuntu) OpenSSL/3.0.2 configured -- resuming normal operations
[Tue Dec 12 10:47:12.252597 2023] [core:notice] [pid 8:tid 140032649582464] AH00094: Command line: '/usr/sbin/apache2 -D FOREGROUND'
[Tue Dec 12 12:35:40.639185 2023] [mpm_event:notice] [pid 8:tid 140032649582464] AH00491: caught SIGTERM, shutting down
[Tue Dec 12 12:35:41.404084 2023] [ssl:warn] [pid 8:tid 140697828870016] AH01909: localhost:443:0 server certificate does NOT include an ID which matches the server name
AH00558: apache2: Could not reliably determine the server's fully qualified domain name, using 172.28.0.3. Set the 'ServerName' directive globally to suppress this message
[Tue Dec 12 12:35:41.423065 2023] [ssl:warn] [pid 8:tid 140697828870016] AH01909: localhost:443:0 server certificate does NOT include an ID which matches the server name
[Tue Dec 12 12:35:41.424107 2023] [mpm_event:notice] [pid 8:tid 140697828870016] AH00489: Apache/2.4.52 (Ubuntu) OpenSSL/3.0.2 configured -- resuming normal operations
[Tue Dec 12 12:35:41.424303 2023] [core:notice] [pid 8:tid 140697828870016] AH00094: Command line: '/usr/sbin/apache2 -D FOREGROUND'
[Tue Dec 12 12:41:23.481489 2023] [mpm_event:notice] [pid 8:tid 140697828870016] AH00491: caught SIGTERM, shutting down
[Tue Dec 12 12:42:17.646289 2023] [ssl:warn] [pid 8:tid 140432834078592] AH01909: localhost:443:0 server certificate does NOT include an ID which matches the server name
AH00558: apache2: Could not reliably determine the server's fully qualified domain name, using 172.28.0.3. Set the 'ServerName' directive globally to suppress this message
[Tue Dec 12 12:42:17.661187 2023] [ssl:warn] [pid 8:tid 140432834078592] AH01909: localhost:443:0 server certificate does NOT include an ID which matches the server name
[Tue Dec 12 12:42:17.662168 2023] [mpm_event:notice] [pid 8:tid 140432834078592] AH00489: Apache/2.4.52 (Ubuntu) OpenSSL/3.0.2 configured -- resuming normal operations
[Tue Dec 12 12:42:17.662337 2023] [core:notice] [pid 8:tid 140432834078592] AH00094: Command line: '/usr/sbin/apache2 -D FOREGROUND'
AH00558: apache2: Could not reliably determine the server's fully qualified domain name, using 172.28.0.2. Set the 'ServerName' directive globally to suppress this message
[Tue Dec 12 14:00:49.737741 2023] [mpm_event:notice] [pid 8:tid 140227651610496] AH00489: Apache/2.4.52 (Ubuntu) configured -- resuming normal operations
[Tue Dec 12 14:00:49.738025 2023] [core:notice] [pid 8:tid 140227651610496] AH00094: Command line: '/usr/sbin/apache2 -D FOREGROUND'
AH00558: apache2: Could not reliably determine the server's fully qualified domain name, using 172.28.0.2. Set the 'ServerName' directive globally to suppress this message
[Tue Dec 12 14:01:01.596324 2023] [mpm_event:notice] [pid 15:tid 139652027377536] AH00489: Apache/2.4.52 (Ubuntu) configured -- resuming normal operations
[Tue Dec 12 14:01:01.596795 2023] [core:notice] [pid 15:tid 139652027377536] AH00094: Command line: '/usr/sbin/apache2 -D FOREGROUND'
AH00558: apache2: Could not reliably determine the server's fully qualified domain name, using 172.28.0.2. Set the 'ServerName' directive globally to suppress this message
[Tue Dec 12 14:04:52.740948 2023] [mpm_event:notice] [pid 15:tid 140165177485184] AH00489: Apache/2.4.52 (Ubuntu) OpenSSL/3.0.2 configured -- resuming normal operations
[Tue Dec 12 14:04:52.741323 2023] [core:notice] [pid 15:tid 140165177485184] AH00094: Command line: '/usr/sbin/apache2 -D FOREGROUND'
[Tue Dec 12 14:08:16.345451 2023] [mpm_event:notice] [pid 15:tid 140165177485184] AH00491: caught SIGTERM, shutting down
AH00558: apache2: Could not reliably determine the server's fully qualified domain name, using 172.28.0.2. Set the 'ServerName' directive globally to suppress this message
[Tue Dec 12 14:08:17.103291 2023] [mpm_event:notice] [pid 8:tid 139914542643072] AH00489: Apache/2.4.52 (Ubuntu) OpenSSL/3.0.2 configured -- resuming normal operations
[Tue Dec 12 14:08:17.103732 2023] [core:notice] [pid 8:tid 139914542643072] AH00094: Command line: '/usr/sbin/apache2 -D FOREGROUND'
AH00558: apache2: Could not reliably determine the server's fully qualified domain name, using 172.28.0.2. Set the 'ServerName' directive globally to suppress this message
[Tue Dec 12 14:10:25.192835 2023] [mpm_event:notice] [pid 15:tid 140342775564160] AH00489: Apache/2.4.52 (Ubuntu) OpenSSL/3.0.2 configured -- resuming normal operations
[Tue Dec 12 14:10:25.193136 2023] [core:notice] [pid 15:tid 140342775564160] AH00094: Command line: '/usr/sbin/apache2 -D FOREGROUND'
[Tue Dec 12 14:13:28.120045 2023] [mpm_event:notice] [pid 15:tid 140342775564160] AH00491: caught SIGTERM, shutting down
AH00558: apache2: Could not reliably determine the server's fully qualified domain name, using 172.28.0.2. Set the 'ServerName' directive globally to suppress this message
[Tue Dec 12 14:13:28.835080 2023] [mpm_event:notice] [pid 8:tid 140250936850304] AH00489: Apache/2.4.52 (Ubuntu) OpenSSL/3.0.2 configured -- resuming normal operations
[Tue Dec 12 14:13:28.835487 2023] [core:notice] [pid 8:tid 140250936850304] AH00094: Command line: '/usr/sbin/apache2 -D FOREGROUND'
[Tue Dec 12 14:21:34.797713 2023] [mpm_event:notice] [pid 8:tid 140250936850304] AH00491: caught SIGTERM, shutting down
[Tue Dec 12 14:21:35.644960 2023] [ssl:warn] [pid 8:tid 140201738172288] AH01909: 172.28.0.2:443:0 server certificate does NOT include an ID which matches the server name
AH00558: apache2: Could not reliably determine the server's fully qualified domain name, using 172.28.0.2. Set the 'ServerName' directive globally to suppress this message
[Tue Dec 12 14:21:35.664688 2023] [ssl:warn] [pid 8:tid 140201738172288] AH01909: 172.28.0.2:443:0 server certificate does NOT include an ID which matches the server name
[Tue Dec 12 14:21:35.667390 2023] [mpm_event:notice] [pid 8:tid 140201738172288] AH00489: Apache/2.4.52 (Ubuntu) OpenSSL/3.0.2 configured -- resuming normal operations
[Tue Dec 12 14:21:35.667672 2023] [core:notice] [pid 8:tid 140201738172288] AH00094: Command line: '/usr/sbin/apache2 -D FOREGROUND'
AH00558: apache2: Could not reliably determine the server's fully qualified domain name, using 172.28.0.2. Set the 'ServerName' directive globally to suppress this message
[Tue Dec 12 14:22:27.130217 2023] [mpm_event:notice] [pid 15:tid 139993564649344] AH00489: Apache/2.4.52 (Ubuntu) OpenSSL/3.0.2 configured -- resuming normal operations
[Tue Dec 12 14:22:27.130595 2023] [core:notice] [pid 15:tid 139993564649344] AH00094: Command line: '/usr/sbin/apache2 -D FOREGROUND'
[Tue Dec 12 14:22:57.732474 2023] [mpm_event:notice] [pid 15:tid 139993564649344] AH00491: caught SIGTERM, shutting down
[Tue Dec 12 14:22:58.410830 2023] [ssl:warn] [pid 8:tid 140663451449216] AH01909: 172.28.0.2:443:0 server certificate does NOT include an ID which matches the server name
AH00558: apache2: Could not reliably determine the server's fully qualified domain name, using 172.28.0.2. Set the 'ServerName' directive globally to suppress this message
[Tue Dec 12 14:22:58.423265 2023] [ssl:warn] [pid 8:tid 140663451449216] AH01909: 172.28.0.2:443:0 server certificate does NOT include an ID which matches the server name
[Tue Dec 12 14:22:58.424398 2023] [mpm_event:notice] [pid 8:tid 140663451449216] AH00489: Apache/2.4.52 (Ubuntu) OpenSSL/3.0.2 configured -- resuming normal operations
[Tue Dec 12 14:22:58.424598 2023] [core:notice] [pid 8:tid 140663451449216] AH00094: Command line: '/usr/sbin/apache2 -D FOREGROUND'
[Tue Dec 12 14:25:02.814831 2023] [mpm_event:notice] [pid 8:tid 140663451449216] AH00491: caught SIGTERM, shutting down
[Tue Dec 12 14:25:03.597095 2023] [ssl:warn] [pid 8:tid 140370523780992] AH01909: 172.28.0.2:443:0 server certificate does NOT include an ID which matches the server name
AH00558: apache2: Could not reliably determine the server's fully qualified domain name, using 172.28.0.2. Set the 'ServerName' directive globally to suppress this message
[Tue Dec 12 14:25:03.609743 2023] [ssl:warn] [pid 8:tid 140370523780992] AH01909: 172.28.0.2:443:0 server certificate does NOT include an ID which matches the server name
[Tue Dec 12 14:25:03.610849 2023] [mpm_event:notice] [pid 8:tid 140370523780992] AH00489: Apache/2.4.52 (Ubuntu) OpenSSL/3.0.2 configured -- resuming normal operations
[Tue Dec 12 14:25:03.611127 2023] [core:notice] [pid 8:tid 140370523780992] AH00094: Command line: '/usr/sbin/apache2 -D FOREGROUND'
AH00558: apache2: Could not reliably determine the server's fully qualified domain name, using 172.28.0.2. Set the 'ServerName' directive globally to suppress this message
[Tue Dec 12 14:26:05.124398 2023] [mpm_event:notice] [pid 15:tid 140091974080384] AH00489: Apache/2.4.52 (Ubuntu) OpenSSL/3.0.2 configured -- resuming normal operations
[Tue Dec 12 14:26:05.124755 2023] [core:notice] [pid 15:tid 140091974080384] AH00094: Command line: '/usr/sbin/apache2 -D FOREGROUND'
[Tue Dec 12 14:26:44.247975 2023] [mpm_event:notice] [pid 15:tid 140091974080384] AH00493: SIGUSR1 received.  Doing graceful restart
AH00558: apache2: Could not reliably determine the server's fully qualified domain name, using 172.28.0.2. Set the 'ServerName' directive globally to suppress this message
[Tue Dec 12 14:26:44.263937 2023] [ssl:warn] [pid 15:tid 140091974080384] AH01909: 172.28.0.2:443:0 server certificate does NOT include an ID which matches the server name
[Tue Dec 12 14:26:44.264441 2023] [mpm_event:notice] [pid 15:tid 140091974080384] AH00489: Apache/2.4.52 (Ubuntu) OpenSSL/3.0.2 configured -- resuming normal operations
[Tue Dec 12 14:26:44.264788 2023] [core:notice] [pid 15:tid 140091974080384] AH00094: Command line: '/usr/sbin/apache2 -D FOREGROUND'
[Tue Dec 12 14:32:01.475737 2023] [mpm_event:notice] [pid 15:tid 140091974080384] AH00493: SIGUSR1 received.  Doing graceful restart
AH00558: apache2: Could not reliably determine the server's fully qualified domain name, using 172.28.0.2. Set the 'ServerName' directive globally to suppress this message
[Tue Dec 12 14:32:01.495090 2023] [ssl:warn] [pid 15:tid 140091974080384] AH01909: 172.28.0.2:443:0 server certificate does NOT include an ID which matches the server name
[Tue Dec 12 14:32:01.495677 2023] [mpm_event:notice] [pid 15:tid 140091974080384] AH00489: Apache/2.4.52 (Ubuntu) OpenSSL/3.0.2 configured -- resuming normal operations
[Tue Dec 12 14:32:01.496027 2023] [core:notice] [pid 15:tid 140091974080384] AH00094: Command line: '/usr/sbin/apache2 -D FOREGROUND'
[Tue Dec 12 14:39:35.591663 2023] [mpm_event:notice] [pid 15:tid 140091974080384] AH00491: caught SIGTERM, shutting down
[Tue Dec 12 14:39:36.346781 2023] [ssl:warn] [pid 8:tid 140247588931456] AH01909: 172.28.0.2:443:0 server certificate does NOT include an ID which matches the server name
AH00558: apache2: Could not reliably determine the server's fully qualified domain name, using 172.28.0.2. Set the 'ServerName' directive globally to suppress this message
[Tue Dec 12 14:39:36.373917 2023] [ssl:warn] [pid 8:tid 140247588931456] AH01909: 172.28.0.2:443:0 server certificate does NOT include an ID which matches the server name
[Tue Dec 12 14:39:36.375075 2023] [mpm_event:notice] [pid 8:tid 140247588931456] AH00489: Apache/2.4.52 (Ubuntu) OpenSSL/3.0.2 configured -- resuming normal operations
[Tue Dec 12 14:39:36.375373 2023] [core:notice] [pid 8:tid 140247588931456] AH00094: Command line: '/usr/sbin/apache2 -D FOREGROUND'
AH00558: apache2: Could not reliably determine the server's fully qualified domain name, using 172.28.0.2. Set the 'ServerName' directive globally to suppress this message
[Tue Dec 12 14:41:25.555756 2023] [mpm_event:notice] [pid 15:tid 139738544445312] AH00489: Apache/2.4.52 (Ubuntu) OpenSSL/3.0.2 configured -- resuming normal operations
[Tue Dec 12 14:41:25.566186 2023] [core:notice] [pid 15:tid 139738544445312] AH00094: Command line: '/usr/sbin/apache2 -D FOREGROUND'
AH00558: apache2: Could not reliably determine the server's fully qualified domain name, using 172.28.0.2. Set the 'ServerName' directive globally to suppress this message
[Tue Dec 12 14:42:03.082910 2023] [mpm_event:notice] [pid 15:tid 140109672654720] AH00489: Apache/2.4.52 (Ubuntu) OpenSSL/3.0.2 configured -- resuming normal operations
[Tue Dec 12 14:42:03.083357 2023] [core:notice] [pid 15:tid 140109672654720] AH00094: Command line: '/usr/sbin/apache2 -D FOREGROUND'
AH00558: apache2: Could not reliably determine the server's fully qualified domain name, using 172.28.0.2. Set the 'ServerName' directive globally to suppress this message
[Tue Dec 12 14:42:20.036518 2023] [mpm_event:notice] [pid 15:tid 140660148275072] AH00489: Apache/2.4.52 (Ubuntu) OpenSSL/3.0.2 configured -- resuming normal operations
[Tue Dec 12 14:42:20.036803 2023] [core:notice] [pid 15:tid 140660148275072] AH00094: Command line: '/usr/sbin/apache2 -D FOREGROUND'
AH00558: apache2: Could not reliably determine the server's fully qualified domain name, using 172.28.0.2. Set the 'ServerName' directive globally to suppress this message
[Tue Dec 12 14:43:24.581710 2023] [mpm_event:notice] [pid 15:tid 140627474995072] AH00489: Apache/2.4.52 (Ubuntu) configured -- resuming normal operations
[Tue Dec 12 14:43:24.582103 2023] [core:notice] [pid 15:tid 140627474995072] AH00094: Command line: '/usr/sbin/apache2 -D FOREGROUND'
[Tue Dec 12 14:45:00.339868 2023] [ssl:warn] [pid 15:tid 140328217122688] AH01909: 172.28.0.2:443:0 server certificate does NOT include an ID which matches the server name
AH00558: apache2: Could not reliably determine the server's fully qualified domain name, using 172.28.0.2. Set the 'ServerName' directive globally to suppress this message
[Tue Dec 12 14:45:00.354209 2023] [ssl:warn] [pid 15:tid 140328217122688] AH01909: 172.28.0.2:443:0 server certificate does NOT include an ID which matches the server name
[Tue Dec 12 14:45:00.355239 2023] [mpm_event:notice] [pid 15:tid 140328217122688] AH00489: Apache/2.4.52 (Ubuntu) OpenSSL/3.0.2 configured -- resuming normal operations
[Tue Dec 12 14:45:00.355503 2023] [core:notice] [pid 15:tid 140328217122688] AH00094: Command line: '/usr/sbin/apache2 -D FOREGROUND'
[Tue Dec 12 14:47:23.268429 2023] [mpm_event:notice] [pid 15:tid 140328217122688] AH00491: caught SIGTERM, shutting down
[Tue Dec 12 14:47:23.938099 2023] [ssl:warn] [pid 8:tid 140655389841280] AH01909: 172.28.0.2:443:0 server certificate does NOT include an ID which matches the server name
AH00558: apache2: Could not reliably determine the server's fully qualified domain name, using 172.28.0.2. Set the 'ServerName' directive globally to suppress this message
[Tue Dec 12 14:47:23.950264 2023] [ssl:warn] [pid 8:tid 140655389841280] AH01909: 172.28.0.2:443:0 server certificate does NOT include an ID which matches the server name
[Tue Dec 12 14:47:23.951404 2023] [mpm_event:notice] [pid 8:tid 140655389841280] AH00489: Apache/2.4.52 (Ubuntu) OpenSSL/3.0.2 configured -- resuming normal operations
[Tue Dec 12 14:47:23.951660 2023] [core:notice] [pid 8:tid 140655389841280] AH00094: Command line: '/usr/sbin/apache2 -D FOREGROUND'
[Tue Dec 12 14:48:29.039194 2023] [ssl:warn] [pid 15:tid 140317379340160] AH01909: 172.28.0.2:443:0 server certificate does NOT include an ID which matches the server name
AH00558: apache2: Could not reliably determine the server's fully qualified domain name, using 172.28.0.2. Set the 'ServerName' directive globally to suppress this message
[Tue Dec 12 14:48:29.055552 2023] [ssl:warn] [pid 15:tid 140317379340160] AH01909: 172.28.0.2:443:0 server certificate does NOT include an ID which matches the server name
[Tue Dec 12 14:48:29.056645 2023] [mpm_event:notice] [pid 15:tid 140317379340160] AH00489: Apache/2.4.52 (Ubuntu) OpenSSL/3.0.2 configured -- resuming normal operations
[Tue Dec 12 14:48:29.056825 2023] [core:notice] [pid 15:tid 140317379340160] AH00094: Command line: '/usr/sbin/apache2 -D FOREGROUND'
[Tue Dec 12 14:54:32.115716 2023] [mpm_event:notice] [pid 15:tid 140317379340160] AH00493: SIGUSR1 received.  Doing graceful restart
AH00558: apache2: Could not reliably determine the server's fully qualified domain name, using 172.28.0.2. Set the 'ServerName' directive globally to suppress this message
[Tue Dec 12 14:54:32.132328 2023] [ssl:warn] [pid 15:tid 140317379340160] AH01909: 172.28.0.2:443:0 server certificate does NOT include an ID which matches the server name
[Tue Dec 12 14:54:32.132971 2023] [mpm_event:notice] [pid 15:tid 140317379340160] AH00489: Apache/2.4.52 (Ubuntu) OpenSSL/3.0.2 configured -- resuming normal operations
[Tue Dec 12 14:54:32.133381 2023] [core:notice] [pid 15:tid 140317379340160] AH00094: Command line: '/usr/sbin/apache2 -D FOREGROUND'
[Tue Dec 12 14:57:17.221806 2023] [ssl:warn] [pid 15:tid 139797107423104] AH01909: 172.28.0.2:443:0 server certificate does NOT include an ID which matches the server name
[Tue Dec 12 14:57:17.224539 2023] [ssl:warn] [pid 15:tid 139797107423104] AH01909: localhost:443:0 server certificate does NOT include an ID which matches the server name
AH00558: apache2: Could not reliably determine the server's fully qualified domain name, using 172.28.0.2. Set the 'ServerName' directive globally to suppress this message
[Tue Dec 12 14:57:17.245710 2023] [ssl:warn] [pid 15:tid 139797107423104] AH01909: 172.28.0.2:443:0 server certificate does NOT include an ID which matches the server name
[Tue Dec 12 14:57:17.247591 2023] [ssl:warn] [pid 15:tid 139797107423104] AH01909: localhost:443:0 server certificate does NOT include an ID which matches the server name
[Tue Dec 12 14:57:17.248660 2023] [mpm_event:notice] [pid 15:tid 139797107423104] AH00489: Apache/2.4.52 (Ubuntu) OpenSSL/3.0.2 configured -- resuming normal operations
[Tue Dec 12 14:57:17.248860 2023] [core:notice] [pid 15:tid 139797107423104] AH00094: Command line: '/usr/sbin/apache2 -D FOREGROUND'
[Tue Dec 12 15:00:04.341203 2023] [ssl:warn] [pid 15:tid 140190317242240] AH01909: 172.28.0.2:443:0 server certificate does NOT include an ID which matches the server name
[Tue Dec 12 15:00:04.344239 2023] [ssl:warn] [pid 15:tid 140190317242240] AH01909: localhost:443:0 server certificate does NOT include an ID which matches the server name
AH00558: apache2: Could not reliably determine the server's fully qualified domain name, using 172.28.0.2. Set the 'ServerName' directive globally to suppress this message
[Tue Dec 12 15:00:04.365129 2023] [ssl:warn] [pid 15:tid 140190317242240] AH01909: 172.28.0.2:443:0 server certificate does NOT include an ID which matches the server name
[Tue Dec 12 15:00:04.367016 2023] [ssl:warn] [pid 15:tid 140190317242240] AH01909: localhost:443:0 server certificate does NOT include an ID which matches the server name
[Tue Dec 12 15:00:04.367896 2023] [mpm_event:notice] [pid 15:tid 140190317242240] AH00489: Apache/2.4.52 (Ubuntu) OpenSSL/3.0.2 configured -- resuming normal operations
[Tue Dec 12 15:00:04.368095 2023] [core:notice] [pid 15:tid 140190317242240] AH00094: Command line: '/usr/sbin/apache2 -D FOREGROUND'
[Tue Dec 12 15:02:21.629466 2023] [ssl:warn] [pid 15:tid 139824501065600] AH01909: 172.28.0.2:443:0 server certificate does NOT include an ID which matches the server name
[Tue Dec 12 15:02:21.631415 2023] [ssl:warn] [pid 15:tid 139824501065600] AH01909: 172.28.0.2:443:0 server certificate does NOT include an ID which matches the server name
AH00558: apache2: Could not reliably determine the server's fully qualified domain name, using 172.28.0.2. Set the 'ServerName' directive globally to suppress this message
[Tue Dec 12 15:02:21.650390 2023] [ssl:warn] [pid 15:tid 139824501065600] AH01909: 172.28.0.2:443:0 server certificate does NOT include an ID which matches the server name
[Tue Dec 12 15:02:21.652293 2023] [ssl:warn] [pid 15:tid 139824501065600] AH01909: 172.28.0.2:443:0 server certificate does NOT include an ID which matches the server name
[Tue Dec 12 15:02:21.653530 2023] [mpm_event:notice] [pid 15:tid 139824501065600] AH00489: Apache/2.4.52 (Ubuntu) OpenSSL/3.0.2 configured -- resuming normal operations
[Tue Dec 12 15:02:21.653791 2023] [core:notice] [pid 15:tid 139824501065600] AH00094: Command line: '/usr/sbin/apache2 -D FOREGROUND'
[Tue Dec 12 15:12:33.180443 2023] [ssl:warn] [pid 16:tid 140465158309760] AH01909: 172.28.0.2:443:0 server certificate does NOT include an ID which matches the server name
[Tue Dec 12 15:12:33.234119 2023] [ssl:warn] [pid 16:tid 140465158309760] AH01909: 172.28.0.2:443:0 server certificate does NOT include an ID which matches the server name
AH00558: apache2: Could not reliably determine the server's fully qualified domain name, using 172.28.0.2. Set the 'ServerName' directive globally to suppress this message
[Tue Dec 12 15:12:33.424247 2023] [ssl:warn] [pid 16:tid 140465158309760] AH01909: 172.28.0.2:443:0 server certificate does NOT include an ID which matches the server name
[Tue Dec 12 15:12:33.446013 2023] [ssl:warn] [pid 16:tid 140465158309760] AH01909: 172.28.0.2:443:0 server certificate does NOT include an ID which matches the server name
[Tue Dec 12 15:12:33.455168 2023] [mpm_event:notice] [pid 16:tid 140465158309760] AH00489: Apache/2.4.52 (Ubuntu) OpenSSL/3.0.2 configured -- resuming normal operations
[Tue Dec 12 15:12:33.457710 2023] [core:notice] [pid 16:tid 140465158309760] AH00094: Command line: '/usr/sbin/apache2 -D FOREGROUND'
[Tue Dec 12 15:16:11.891409 2023] [mpm_event:notice] [pid 16:tid 140465158309760] AH00493: SIGUSR1 received.  Doing graceful restart
AH00558: apache2: Could not reliably determine the server's fully qualified domain name, using 172.28.0.2. Set the 'ServerName' directive globally to suppress this message
[Tue Dec 12 15:16:11.909094 2023] [ssl:warn] [pid 16:tid 140465158309760] AH01909: 172.28.0.2:443:0 server certificate does NOT include an ID which matches the server name
[Tue Dec 12 15:16:11.909684 2023] [mpm_event:notice] [pid 16:tid 140465158309760] AH00489: Apache/2.4.52 (Ubuntu) OpenSSL/3.0.2 configured -- resuming normal operations
[Tue Dec 12 15:16:11.909889 2023] [core:notice] [pid 16:tid 140465158309760] AH00094: Command line: '/usr/sbin/apache2 -D FOREGROUND'
[Tue Dec 12 15:16:53.562553 2023] [ssl:warn] [pid 15:tid 140256041617280] AH01909: 172.28.0.2:443:0 server certificate does NOT include an ID which matches the server name
AH00558: apache2: Could not reliably determine the server's fully qualified domain name, using 172.28.0.2. Set the 'ServerName' directive globally to suppress this message
[Tue Dec 12 15:16:53.579643 2023] [ssl:warn] [pid 15:tid 140256041617280] AH01909: 172.28.0.2:443:0 server certificate does NOT include an ID which matches the server name
[Tue Dec 12 15:16:53.580688 2023] [mpm_event:notice] [pid 15:tid 140256041617280] AH00489: Apache/2.4.52 (Ubuntu) OpenSSL/3.0.2 configured -- resuming normal operations
[Tue Dec 12 15:16:53.580980 2023] [core:notice] [pid 15:tid 140256041617280] AH00094: Command line: '/usr/sbin/apache2 -D FOREGROUND'
[Tue Dec 12 15:19:47.162071 2023] [mpm_event:notice] [pid 15:tid 140256041617280] AH00493: SIGUSR1 received.  Doing graceful restart
AH00558: apache2: Could not reliably determine the server's fully qualified domain name, using 172.28.0.2. Set the 'ServerName' directive globally to suppress this message
[Tue Dec 12 15:19:47.178534 2023] [ssl:warn] [pid 15:tid 140256041617280] AH01909: localhost:443:0 server certificate does NOT include an ID which matches the server name
[Tue Dec 12 15:19:47.178992 2023] [mpm_event:notice] [pid 15:tid 140256041617280] AH00489: Apache/2.4.52 (Ubuntu) OpenSSL/3.0.2 configured -- resuming normal operations
[Tue Dec 12 15:19:47.179209 2023] [core:notice] [pid 15:tid 140256041617280] AH00094: Command line: '/usr/sbin/apache2 -D FOREGROUND'
[Tue Dec 12 15:20:50.025014 2023] [ssl:warn] [pid 15:tid 139671064434560] AH01909: localhost:443:0 server certificate does NOT include an ID which matches the server name
AH00558: apache2: Could not reliably determine the server's fully qualified domain name, using 172.28.0.2. Set the 'ServerName' directive globally to suppress this message
[Tue Dec 12 15:20:50.043993 2023] [ssl:warn] [pid 15:tid 139671064434560] AH01909: localhost:443:0 server certificate does NOT include an ID which matches the server name
[Tue Dec 12 15:20:50.045755 2023] [mpm_event:notice] [pid 15:tid 139671064434560] AH00489: Apache/2.4.52 (Ubuntu) OpenSSL/3.0.2 configured -- resuming normal operations
[Tue Dec 12 15:20:50.045989 2023] [core:notice] [pid 15:tid 139671064434560] AH00094: Command line: '/usr/sbin/apache2 -D FOREGROUND'
AH00558: apache2: Could not reliably determine the server's fully qualified domain name, using 172.28.0.2. Set the 'ServerName' directive globally to suppress this message
[Tue Dec 12 15:23:56.545913 2023] [mpm_event:notice] [pid 15:tid 140087092606848] AH00489: Apache/2.4.52 (Ubuntu) OpenSSL/3.0.2 configured -- resuming normal operations
[Tue Dec 12 15:23:56.546898 2023] [core:notice] [pid 15:tid 140087092606848] AH00094: Command line: '/usr/sbin/apache2 -D FOREGROUND'
[Tue Dec 12 15:31:22.588588 2023] [mpm_event:notice] [pid 15:tid 140087092606848] AH00491: caught SIGTERM, shutting down
[Tue Dec 12 15:31:23.273499 2023] [mpm_event:notice] [pid 8:tid 140575063517056] AH00489: Apache/2.4.52 (Ubuntu) OpenSSL/3.0.2 configured -- resuming normal operations
[Tue Dec 12 15:31:23.273897 2023] [core:notice] [pid 8:tid 140575063517056] AH00094: Command line: '/usr/sbin/apache2 -D FOREGROUND'
AH00558: apache2: Could not reliably determine the server's fully qualified domain name, using 172.28.0.2. Set the 'ServerName' directive globally to suppress this message
[Tue Dec 12 15:33:03.639640 2023] [mpm_event:notice] [pid 15:tid 139857511622528] AH00489: Apache/2.4.52 (Ubuntu) OpenSSL/3.0.2 configured -- resuming normal operations
[Tue Dec 12 15:33:03.639929 2023] [core:notice] [pid 15:tid 139857511622528] AH00094: Command line: '/usr/sbin/apache2 -D FOREGROUND'
AH00558: apache2: Could not reliably determine the server's fully qualified domain name, using 172.28.0.2. Set the 'ServerName' directive globally to suppress this message
[Tue Dec 12 15:41:31.271686 2023] [mpm_event:notice] [pid 15:tid 139714771707776] AH00489: Apache/2.4.52 (Ubuntu) OpenSSL/3.0.2 configured -- resuming normal operations
[Tue Dec 12 15:41:31.272224 2023] [core:notice] [pid 15:tid 139714771707776] AH00094: Command line: '/usr/sbin/apache2 -D FOREGROUND'
AH00558: apache2: Could not reliably determine the server's fully qualified domain name, using 172.28.0.2. Set the 'ServerName' directive globally to suppress this message
[Tue Dec 12 15:59:16.753211 2023] [mpm_event:notice] [pid 15:tid 140489268426624] AH00489: Apache/2.4.52 (Ubuntu) OpenSSL/3.0.2 configured -- resuming normal operations
[Tue Dec 12 15:59:16.753548 2023] [core:notice] [pid 15:tid 140489268426624] AH00094: Command line: '/usr/sbin/apache2 -D FOREGROUND'
AH00558: apache2: Could not reliably determine the server's fully qualified domain name, using 172.28.0.2. Set the 'ServerName' directive globally to suppress this message
[Wed Dec 13 08:26:32.610295 2023] [core:warn] [pid 8:tid 139952841512832] AH00098: pid file /var/run/apache2/apache2.pid overwritten -- Unclean shutdown of previous Apache run?
[Wed Dec 13 08:26:32.611824 2023] [mpm_event:notice] [pid 8:tid 139952841512832] AH00489: Apache/2.4.52 (Ubuntu) OpenSSL/3.0.2 configured -- resuming normal operations
[Wed Dec 13 08:26:32.612303 2023] [core:notice] [pid 8:tid 139952841512832] AH00094: Command line: '/usr/sbin/apache2 -D FOREGROUND'
AH00558: apache2: Could not reliably determine the server's fully qualified domain name, using 172.28.0.4. Set the 'ServerName' directive globally to suppress this message
[Fri Dec 15 11:04:26.554564 2023] [mpm_event:notice] [pid 15:tid 140582864238464] AH00489: Apache/2.4.52 (Ubuntu) OpenSSL/3.0.2 configured -- resuming normal operations
[Fri Dec 15 11:04:26.555171 2023] [core:notice] [pid 15:tid 140582864238464] AH00094: Command line: '/usr/sbin/apache2 -D FOREGROUND'
[Fri Dec 15 11:19:31.485224 2023] [ssl:warn] [pid 15:tid 139746239358848] AH01909: apache_webserver:443:0 server certificate does NOT include an ID which matches the server name
AH00558: apache2: Could not reliably determine the server's fully qualified domain name, using 172.28.0.2. Set the 'ServerName' directive globally to suppress this message
[Fri Dec 15 11:19:31.504107 2023] [ssl:warn] [pid 15:tid 139746239358848] AH01909: apache_webserver:443:0 server certificate does NOT include an ID which matches the server name
[Fri Dec 15 11:19:31.506767 2023] [mpm_event:notice] [pid 15:tid 139746239358848] AH00489: Apache/2.4.52 (Ubuntu) OpenSSL/3.0.2 configured -- resuming normal operations
[Fri Dec 15 11:19:31.507184 2023] [core:notice] [pid 15:tid 139746239358848] AH00094: Command line: '/usr/sbin/apache2 -D FOREGROUND'
[Fri Dec 15 11:22:34.235314 2023] [mpm_event:notice] [pid 15:tid 139746239358848] AH00493: SIGUSR1 received.  Doing graceful restart
AH00558: apache2: Could not reliably determine the server's fully qualified domain name, using 172.28.0.2. Set the 'ServerName' directive globally to suppress this message
[Fri Dec 15 11:22:34.256585 2023] [ssl:warn] [pid 15:tid 139746239358848] AH01909: apache_webserver:443:0 server certificate does NOT include an ID which matches the server name
[Fri Dec 15 11:22:34.259332 2023] [ssl:warn] [pid 15:tid 139746239358848] AH01909: apache_webserver:443:0 server certificate does NOT include an ID which matches the server name
[Fri Dec 15 11:22:34.259939 2023] [mpm_event:notice] [pid 15:tid 139746239358848] AH00489: Apache/2.4.52 (Ubuntu) OpenSSL/3.0.2 configured -- resuming normal operations
[Fri Dec 15 11:22:34.260340 2023] [core:notice] [pid 15:tid 139746239358848] AH00094: Command line: '/usr/sbin/apache2 -D FOREGROUND'
[Fri Dec 15 11:35:17.247246 2023] [ssl:warn] [pid 15:tid 140301645612928] AH01909: apache_webserver:443:0 server certificate does NOT include an ID which matches the server name
[Fri Dec 15 11:35:17.250707 2023] [ssl:warn] [pid 15:tid 140301645612928] AH01909: apache_webserver:443:0 server certificate does NOT include an ID which matches the server name
AH00558: apache2: Could not reliably determine the server's fully qualified domain name, using 172.28.0.2. Set the 'ServerName' directive globally to suppress this message
[Fri Dec 15 11:35:17.275580 2023] [ssl:warn] [pid 15:tid 140301645612928] AH01909: apache_webserver:443:0 server certificate does NOT include an ID which matches the server name
[Fri Dec 15 11:35:17.278102 2023] [ssl:warn] [pid 15:tid 140301645612928] AH01909: apache_webserver:443:0 server certificate does NOT include an ID which matches the server name
[Fri Dec 15 11:35:17.279205 2023] [mpm_event:notice] [pid 15:tid 140301645612928] AH00489: Apache/2.4.52 (Ubuntu) OpenSSL/3.0.2 configured -- resuming normal operations
[Fri Dec 15 11:35:17.279517 2023] [core:notice] [pid 15:tid 140301645612928] AH00094: Command line: '/usr/sbin/apache2 -D FOREGROUND'
[Fri Dec 15 11:48:08.645209 2023] [ssl:warn] [pid 15:tid 139866248472448] AH01909: apache_webserver:443:0 server certificate does NOT include an ID which matches the server name
AH00558: apache2: Could not reliably determine the server's fully qualified domain name, using 172.28.0.2. Set the 'ServerName' directive globally to suppress this message
[Fri Dec 15 11:48:08.670253 2023] [ssl:warn] [pid 15:tid 139866248472448] AH01909: apache_webserver:443:0 server certificate does NOT include an ID which matches the server name
[Fri Dec 15 11:48:08.674407 2023] [mpm_event:notice] [pid 15:tid 139866248472448] AH00489: Apache/2.4.52 (Ubuntu) OpenSSL/3.0.2 configured -- resuming normal operations
[Fri Dec 15 11:48:08.674827 2023] [core:notice] [pid 15:tid 139866248472448] AH00094: Command line: '/usr/sbin/apache2 -D FOREGROUND'
[Sat Dec 16 11:40:03.477497 2023] [ssl:warn] [pid 15:tid 139809204541312] AH01909: apache_webserver:443:0 server certificate does NOT include an ID which matches the server name
AH00558: apache2: Could not reliably determine the server's fully qualified domain name, using 172.20.0.3. Set the 'ServerName' directive globally to suppress this message
[Sat Dec 16 11:40:03.503224 2023] [ssl:warn] [pid 15:tid 139809204541312] AH01909: apache_webserver:443:0 server certificate does NOT include an ID which matches the server name
[Sat Dec 16 11:40:03.507650 2023] [mpm_event:notice] [pid 15:tid 139809204541312] AH00489: Apache/2.4.52 (Ubuntu) OpenSSL/3.0.2 configured -- resuming normal operations
[Sat Dec 16 11:40:03.507958 2023] [core:notice] [pid 15:tid 139809204541312] AH00094: Command line: '/usr/sbin/apache2 -D FOREGROUND'
AH00558: apache2: Could not reliably determine the server's fully qualified domain name, using 172.20.0.3. Set the 'ServerName' directive globally to suppress this message
[Sat Dec 16 12:32:52.559667 2023] [mpm_event:notice] [pid 15:tid 139974907332480] AH00489: Apache/2.4.52 (Ubuntu) OpenSSL/3.0.2 configured -- resuming normal operations
[Sat Dec 16 12:32:52.560008 2023] [core:notice] [pid 15:tid 139974907332480] AH00094: Command line: '/usr/sbin/apache2 -D FOREGROUND'
AH00558: apache2: Could not reliably determine the server's fully qualified domain name, using 172.20.0.3. Set the 'ServerName' directive globally to suppress this message
[Sat Dec 16 13:55:14.691896 2023] [mpm_event:notice] [pid 15:tid 140323775719296] AH00489: Apache/2.4.52 (Ubuntu) OpenSSL/3.0.2 configured -- resuming normal operations
[Sat Dec 16 13:55:14.692181 2023] [core:notice] [pid 15:tid 140323775719296] AH00094: Command line: '/usr/sbin/apache2 -D FOREGROUND'
[Sat Dec 16 17:44:31.651051 2023] [ssl:warn] [pid 15:tid 140582807484288] AH01909: 172.20.0.3:443:0 server certificate does NOT include an ID which matches the server name
AH00558: apache2: Could not reliably determine the server's fully qualified domain name, using 172.20.0.3. Set the 'ServerName' directive globally to suppress this message
[Sat Dec 16 17:44:31.664950 2023] [ssl:warn] [pid 15:tid 140582807484288] AH01909: 172.20.0.3:443:0 server certificate does NOT include an ID which matches the server name
[Sat Dec 16 17:44:31.666453 2023] [mpm_event:notice] [pid 15:tid 140582807484288] AH00489: Apache/2.4.52 (Ubuntu) OpenSSL/3.0.2 configured -- resuming normal operations
[Sat Dec 16 17:44:31.666985 2023] [core:notice] [pid 15:tid 140582807484288] AH00094: Command line: '/usr/sbin/apache2 -D FOREGROUND'
AH00558: apache2: Could not reliably determine the server's fully qualified domain name, using 172.20.0.3. Set the 'ServerName' directive globally to suppress this message
[Sat Dec 16 17:47:29.235648 2023] [mpm_event:notice] [pid 15:tid 140020996134784] AH00489: Apache/2.4.52 (Ubuntu) OpenSSL/3.0.2 configured -- resuming normal operations
[Sat Dec 16 17:47:29.236104 2023] [core:notice] [pid 15:tid 140020996134784] AH00094: Command line: '/usr/sbin/apache2 -D FOREGROUND'
[Sat Dec 16 18:00:00.838259 2023] [ssl:emerg] [pid 15:tid 140508747028352] AH02562: Failed to configure certificate localhost:443:0 (with chain), check /etc/apache2/ssl_keys/apache_webserver.cer
[Sat Dec 16 18:00:00.839435 2023] [ssl:emerg] [pid 15:tid 140508747028352] SSL Library Error: error:0480006C:PEM routines::no start line (Expecting: TRUSTED CERTIFICATE) -- Bad file contents or format - or even just a forgotten SSLCertificateKeyFile?
[Sat Dec 16 18:00:00.839920 2023] [ssl:emerg] [pid 15:tid 140508747028352] SSL Library Error: error:0A080009:SSL routines::PEM lib
AH00016: Configuration Failed
[Sat Dec 16 18:00:03.118733 2023] [ssl:emerg] [pid 8:tid 139823814788992] AH02562: Failed to configure certificate localhost:443:0 (with chain), check /etc/apache2/ssl_keys/apache_webserver.cer
[Sat Dec 16 18:00:03.118989 2023] [ssl:emerg] [pid 8:tid 139823814788992] SSL Library Error: error:0480006C:PEM routines::no start line (Expecting: TRUSTED CERTIFICATE) -- Bad file contents or format - or even just a forgotten SSLCertificateKeyFile?
[Sat Dec 16 18:00:03.119214 2023] [ssl:emerg] [pid 8:tid 139823814788992] SSL Library Error: error:0A080009:SSL routines::PEM lib
AH00016: Configuration Failed
[Sat Dec 16 18:00:04.913260 2023] [ssl:emerg] [pid 8:tid 139950918858624] AH02562: Failed to configure certificate localhost:443:0 (with chain), check /etc/apache2/ssl_keys/apache_webserver.cer
[Sat Dec 16 18:00:04.913440 2023] [ssl:emerg] [pid 8:tid 139950918858624] SSL Library Error: error:0480006C:PEM routines::no start line (Expecting: TRUSTED CERTIFICATE) -- Bad file contents or format - or even just a forgotten SSLCertificateKeyFile?
[Sat Dec 16 18:00:04.913574 2023] [ssl:emerg] [pid 8:tid 139950918858624] SSL Library Error: error:0A080009:SSL routines::PEM lib
AH00016: Configuration Failed
[Sat Dec 16 18:00:06.621699 2023] [ssl:emerg] [pid 8:tid 139695443126144] AH02562: Failed to configure certificate localhost:443:0 (with chain), check /etc/apache2/ssl_keys/apache_webserver.cer
[Sat Dec 16 18:00:06.621924 2023] [ssl:emerg] [pid 8:tid 139695443126144] SSL Library Error: error:0480006C:PEM routines::no start line (Expecting: TRUSTED CERTIFICATE) -- Bad file contents or format - or even just a forgotten SSLCertificateKeyFile?
[Sat Dec 16 18:00:06.622065 2023] [ssl:emerg] [pid 8:tid 139695443126144] SSL Library Error: error:0A080009:SSL routines::PEM lib
AH00016: Configuration Failed
[Sat Dec 16 18:00:08.542740 2023] [ssl:emerg] [pid 8:tid 139925299206016] AH02562: Failed to configure certificate localhost:443:0 (with chain), check /etc/apache2/ssl_keys/apache_webserver.cer
[Sat Dec 16 18:00:08.542972 2023] [ssl:emerg] [pid 8:tid 139925299206016] SSL Library Error: error:0480006C:PEM routines::no start line (Expecting: TRUSTED CERTIFICATE) -- Bad file contents or format - or even just a forgotten SSLCertificateKeyFile?
[Sat Dec 16 18:00:08.543126 2023] [ssl:emerg] [pid 8:tid 139925299206016] SSL Library Error: error:0A080009:SSL routines::PEM lib
AH00016: Configuration Failed
[Sat Dec 16 18:00:11.321423 2023] [ssl:emerg] [pid 8:tid 140583365240704] AH02562: Failed to configure certificate localhost:443:0 (with chain), check /etc/apache2/ssl_keys/apache_webserver.cer
[Sat Dec 16 18:00:11.321625 2023] [ssl:emerg] [pid 8:tid 140583365240704] SSL Library Error: error:0480006C:PEM routines::no start line (Expecting: TRUSTED CERTIFICATE) -- Bad file contents or format - or even just a forgotten SSLCertificateKeyFile?
[Sat Dec 16 18:00:11.321780 2023] [ssl:emerg] [pid 8:tid 140583365240704] SSL Library Error: error:0A080009:SSL routines::PEM lib
AH00016: Configuration Failed
[Sat Dec 16 18:00:15.572685 2023] [ssl:emerg] [pid 8:tid 140043641313152] AH02562: Failed to configure certificate localhost:443:0 (with chain), check /etc/apache2/ssl_keys/apache_webserver.cer
[Sat Dec 16 18:00:15.572889 2023] [ssl:emerg] [pid 8:tid 140043641313152] SSL Library Error: error:0480006C:PEM routines::no start line (Expecting: TRUSTED CERTIFICATE) -- Bad file contents or format - or even just a forgotten SSLCertificateKeyFile?
[Sat Dec 16 18:00:15.573050 2023] [ssl:emerg] [pid 8:tid 140043641313152] SSL Library Error: error:0A080009:SSL routines::PEM lib
AH00016: Configuration Failed
[Sat Dec 16 18:00:23.051731 2023] [ssl:emerg] [pid 8:tid 139682044401536] AH02562: Failed to configure certificate localhost:443:0 (with chain), check /etc/apache2/ssl_keys/apache_webserver.cer
[Sat Dec 16 18:00:23.051989 2023] [ssl:emerg] [pid 8:tid 139682044401536] SSL Library Error: error:0480006C:PEM routines::no start line (Expecting: TRUSTED CERTIFICATE) -- Bad file contents or format - or even just a forgotten SSLCertificateKeyFile?
[Sat Dec 16 18:00:23.052159 2023] [ssl:emerg] [pid 8:tid 139682044401536] SSL Library Error: error:0A080009:SSL routines::PEM lib
AH00016: Configuration Failed
[Sat Dec 16 18:00:36.890650 2023] [ssl:emerg] [pid 8:tid 140261399099264] AH02562: Failed to configure certificate localhost:443:0 (with chain), check /etc/apache2/ssl_keys/apache_webserver.cer
[Sat Dec 16 18:00:36.890851 2023] [ssl:emerg] [pid 8:tid 140261399099264] SSL Library Error: error:0480006C:PEM routines::no start line (Expecting: TRUSTED CERTIFICATE) -- Bad file contents or format - or even just a forgotten SSLCertificateKeyFile?
[Sat Dec 16 18:00:36.890988 2023] [ssl:emerg] [pid 8:tid 140261399099264] SSL Library Error: error:0A080009:SSL routines::PEM lib
AH00016: Configuration Failed
[Sat Dec 16 18:01:03.511706 2023] [ssl:emerg] [pid 8:tid 140485565540224] AH02562: Failed to configure certificate localhost:443:0 (with chain), check /etc/apache2/ssl_keys/apache_webserver.cer
[Sat Dec 16 18:01:03.511923 2023] [ssl:emerg] [pid 8:tid 140485565540224] SSL Library Error: error:0480006C:PEM routines::no start line (Expecting: TRUSTED CERTIFICATE) -- Bad file contents or format - or even just a forgotten SSLCertificateKeyFile?
[Sat Dec 16 18:01:03.512092 2023] [ssl:emerg] [pid 8:tid 140485565540224] SSL Library Error: error:0A080009:SSL routines::PEM lib
AH00016: Configuration Failed
[Sat Dec 16 18:01:55.832347 2023] [ssl:emerg] [pid 8:tid 140386764482432] AH02562: Failed to configure certificate localhost:443:0 (with chain), check /etc/apache2/ssl_keys/apache_webserver.cer
[Sat Dec 16 18:01:55.832535 2023] [ssl:emerg] [pid 8:tid 140386764482432] SSL Library Error: error:0480006C:PEM routines::no start line (Expecting: TRUSTED CERTIFICATE) -- Bad file contents or format - or even just a forgotten SSLCertificateKeyFile?
[Sat Dec 16 18:01:55.832664 2023] [ssl:emerg] [pid 8:tid 140386764482432] SSL Library Error: error:0A080009:SSL routines::PEM lib
AH00016: Configuration Failed
[Sat Dec 16 18:02:55.683327 2023] [ssl:emerg] [pid 15:tid 140009551845248] AH02562: Failed to configure certificate localhost:443:0 (with chain), check /etc/apache2/ssl_keys/apache_webserver.cer
[Sat Dec 16 18:02:55.683529 2023] [ssl:emerg] [pid 15:tid 140009551845248] SSL Library Error: error:0480006C:PEM routines::no start line (Expecting: TRUSTED CERTIFICATE) -- Bad file contents or format - or even just a forgotten SSLCertificateKeyFile?
[Sat Dec 16 18:02:55.683666 2023] [ssl:emerg] [pid 15:tid 140009551845248] SSL Library Error: error:0A080009:SSL routines::PEM lib
AH00016: Configuration Failed
[Sat Dec 16 18:02:57.588639 2023] [ssl:emerg] [pid 8:tid 140507026794368] AH02562: Failed to configure certificate localhost:443:0 (with chain), check /etc/apache2/ssl_keys/apache_webserver.cer
[Sat Dec 16 18:02:57.588945 2023] [ssl:emerg] [pid 8:tid 140507026794368] SSL Library Error: error:0480006C:PEM routines::no start line (Expecting: TRUSTED CERTIFICATE) -- Bad file contents or format - or even just a forgotten SSLCertificateKeyFile?
[Sat Dec 16 18:02:57.589155 2023] [ssl:emerg] [pid 8:tid 140507026794368] SSL Library Error: error:0A080009:SSL routines::PEM lib
AH00016: Configuration Failed
[Sat Dec 16 18:02:59.481645 2023] [ssl:emerg] [pid 8:tid 139923148081024] AH02562: Failed to configure certificate localhost:443:0 (with chain), check /etc/apache2/ssl_keys/apache_webserver.cer
[Sat Dec 16 18:02:59.481838 2023] [ssl:emerg] [pid 8:tid 139923148081024] SSL Library Error: error:0480006C:PEM routines::no start line (Expecting: TRUSTED CERTIFICATE) -- Bad file contents or format - or even just a forgotten SSLCertificateKeyFile?
[Sat Dec 16 18:02:59.481984 2023] [ssl:emerg] [pid 8:tid 139923148081024] SSL Library Error: error:0A080009:SSL routines::PEM lib
AH00016: Configuration Failed
[Sat Dec 16 18:03:01.222518 2023] [ssl:emerg] [pid 8:tid 140377170421632] AH02562: Failed to configure certificate localhost:443:0 (with chain), check /etc/apache2/ssl_keys/apache_webserver.cer
[Sat Dec 16 18:03:01.222753 2023] [ssl:emerg] [pid 8:tid 140377170421632] SSL Library Error: error:0480006C:PEM routines::no start line (Expecting: TRUSTED CERTIFICATE) -- Bad file contents or format - or even just a forgotten SSLCertificateKeyFile?
[Sat Dec 16 18:03:01.222894 2023] [ssl:emerg] [pid 8:tid 140377170421632] SSL Library Error: error:0A080009:SSL routines::PEM lib
AH00016: Configuration Failed
[Sat Dec 16 18:03:03.090811 2023] [ssl:emerg] [pid 8:tid 140247326984064] AH02562: Failed to configure certificate localhost:443:0 (with chain), check /etc/apache2/ssl_keys/apache_webserver.cer
[Sat Dec 16 18:03:03.091040 2023] [ssl:emerg] [pid 8:tid 140247326984064] SSL Library Error: error:0480006C:PEM routines::no start line (Expecting: TRUSTED CERTIFICATE) -- Bad file contents or format - or even just a forgotten SSLCertificateKeyFile?
[Sat Dec 16 18:03:03.091202 2023] [ssl:emerg] [pid 8:tid 140247326984064] SSL Library Error: error:0A080009:SSL routines::PEM lib
AH00016: Configuration Failed
[Sat Dec 16 18:03:05.761422 2023] [ssl:emerg] [pid 8:tid 140262282438528] AH02562: Failed to configure certificate localhost:443:0 (with chain), check /etc/apache2/ssl_keys/apache_webserver.cer
[Sat Dec 16 18:03:05.761644 2023] [ssl:emerg] [pid 8:tid 140262282438528] SSL Library Error: error:0480006C:PEM routines::no start line (Expecting: TRUSTED CERTIFICATE) -- Bad file contents or format - or even just a forgotten SSLCertificateKeyFile?
[Sat Dec 16 18:03:05.761797 2023] [ssl:emerg] [pid 8:tid 140262282438528] SSL Library Error: error:0A080009:SSL routines::PEM lib
AH00016: Configuration Failed
[Sat Dec 16 18:03:10.142852 2023] [ssl:emerg] [pid 9:tid 140204647094144] AH02562: Failed to configure certificate localhost:443:0 (with chain), check /etc/apache2/ssl_keys/apache_webserver.cer
[Sat Dec 16 18:03:10.143084 2023] [ssl:emerg] [pid 9:tid 140204647094144] SSL Library Error: error:0480006C:PEM routines::no start line (Expecting: TRUSTED CERTIFICATE) -- Bad file contents or format - or even just a forgotten SSLCertificateKeyFile?
[Sat Dec 16 18:03:10.143253 2023] [ssl:emerg] [pid 9:tid 140204647094144] SSL Library Error: error:0A080009:SSL routines::PEM lib
AH00016: Configuration Failed
[Sat Dec 16 18:03:17.621565 2023] [ssl:emerg] [pid 8:tid 140213555332992] AH02562: Failed to configure certificate localhost:443:0 (with chain), check /etc/apache2/ssl_keys/apache_webserver.cer
[Sat Dec 16 18:03:17.621918 2023] [ssl:emerg] [pid 8:tid 140213555332992] SSL Library Error: error:0480006C:PEM routines::no start line (Expecting: TRUSTED CERTIFICATE) -- Bad file contents or format - or even just a forgotten SSLCertificateKeyFile?
[Sat Dec 16 18:03:17.622413 2023] [ssl:emerg] [pid 8:tid 140213555332992] SSL Library Error: error:0A080009:SSL routines::PEM lib
AH00016: Configuration Failed
[Sat Dec 16 18:03:31.562529 2023] [ssl:emerg] [pid 8:tid 140385185900416] AH02562: Failed to configure certificate localhost:443:0 (with chain), check /etc/apache2/ssl_keys/apache_webserver.cer
[Sat Dec 16 18:03:31.562763 2023] [ssl:emerg] [pid 8:tid 140385185900416] SSL Library Error: error:0480006C:PEM routines::no start line (Expecting: TRUSTED CERTIFICATE) -- Bad file contents or format - or even just a forgotten SSLCertificateKeyFile?
[Sat Dec 16 18:03:31.562926 2023] [ssl:emerg] [pid 8:tid 140385185900416] SSL Library Error: error:0A080009:SSL routines::PEM lib
AH00016: Configuration Failed
[Sat Dec 16 18:03:58.301097 2023] [ssl:emerg] [pid 8:tid 139938803242880] AH02562: Failed to configure certificate localhost:443:0 (with chain), check /etc/apache2/ssl_keys/apache_webserver.cer
[Sat Dec 16 18:03:58.301406 2023] [ssl:emerg] [pid 8:tid 139938803242880] SSL Library Error: error:0480006C:PEM routines::no start line (Expecting: TRUSTED CERTIFICATE) -- Bad file contents or format - or even just a forgotten SSLCertificateKeyFile?
[Sat Dec 16 18:03:58.301571 2023] [ssl:emerg] [pid 8:tid 139938803242880] SSL Library Error: error:0A080009:SSL routines::PEM lib
AH00016: Configuration Failed
[Sat Dec 16 18:04:50.521053 2023] [ssl:emerg] [pid 8:tid 139811148593024] AH02562: Failed to configure certificate localhost:443:0 (with chain), check /etc/apache2/ssl_keys/apache_webserver.cer
[Sat Dec 16 18:04:50.521250 2023] [ssl:emerg] [pid 8:tid 139811148593024] SSL Library Error: error:0480006C:PEM routines::no start line (Expecting: TRUSTED CERTIFICATE) -- Bad file contents or format - or even just a forgotten SSLCertificateKeyFile?
[Sat Dec 16 18:04:50.521383 2023] [ssl:emerg] [pid 8:tid 139811148593024] SSL Library Error: error:0A080009:SSL routines::PEM lib
AH00016: Configuration Failed
[Sat Dec 16 18:05:51.461370 2023] [ssl:emerg] [pid 8:tid 139775650027392] AH02562: Failed to configure certificate localhost:443:0 (with chain), check /etc/apache2/ssl_keys/apache_webserver.cer
[Sat Dec 16 18:05:51.461601 2023] [ssl:emerg] [pid 8:tid 139775650027392] SSL Library Error: error:0480006C:PEM routines::no start line (Expecting: TRUSTED CERTIFICATE) -- Bad file contents or format - or even just a forgotten SSLCertificateKeyFile?
[Sat Dec 16 18:05:51.461772 2023] [ssl:emerg] [pid 8:tid 139775650027392] SSL Library Error: error:0A080009:SSL routines::PEM lib
AH00016: Configuration Failed
[Sat Dec 16 18:06:52.601172 2023] [ssl:emerg] [pid 8:tid 140173056448384] AH02562: Failed to configure certificate localhost:443:0 (with chain), check /etc/apache2/ssl_keys/apache_webserver.cer
[Sat Dec 16 18:06:52.601381 2023] [ssl:emerg] [pid 8:tid 140173056448384] SSL Library Error: error:0480006C:PEM routines::no start line (Expecting: TRUSTED CERTIFICATE) -- Bad file contents or format - or even just a forgotten SSLCertificateKeyFile?
[Sat Dec 16 18:06:52.601560 2023] [ssl:emerg] [pid 8:tid 140173056448384] SSL Library Error: error:0A080009:SSL routines::PEM lib
AH00016: Configuration Failed
[Sat Dec 16 18:07:53.721010 2023] [ssl:emerg] [pid 8:tid 140567417874304] AH02562: Failed to configure certificate localhost:443:0 (with chain), check /etc/apache2/ssl_keys/apache_webserver.cer
[Sat Dec 16 18:07:53.721221 2023] [ssl:emerg] [pid 8:tid 140567417874304] SSL Library Error: error:0480006C:PEM routines::no start line (Expecting: TRUSTED CERTIFICATE) -- Bad file contents or format - or even just a forgotten SSLCertificateKeyFile?
[Sat Dec 16 18:07:53.721376 2023] [ssl:emerg] [pid 8:tid 140567417874304] SSL Library Error: error:0A080009:SSL routines::PEM lib
AH00016: Configuration Failed
AH00558: apache2: Could not reliably determine the server's fully qualified domain name, using 172.20.0.3. Set the 'ServerName' directive globally to suppress this message
[Sat Dec 16 18:12:14.536829 2023] [mpm_event:notice] [pid 15:tid 139729907083136] AH00489: Apache/2.4.52 (Ubuntu) OpenSSL/3.0.2 configured -- resuming normal operations
[Sat Dec 16 18:12:14.537196 2023] [core:notice] [pid 15:tid 139729907083136] AH00094: Command line: '/usr/sbin/apache2 -D FOREGROUND'
AH00558: apache2: Could not reliably determine the server's fully qualified domain name, using 172.20.0.3. Set the 'ServerName' directive globally to suppress this message
[Sat Dec 16 18:31:38.467508 2023] [mpm_event:notice] [pid 15:tid 140392684771200] AH00489: Apache/2.4.52 (Ubuntu) OpenSSL/3.0.2 configured -- resuming normal operations
[Sat Dec 16 18:31:38.467769 2023] [core:notice] [pid 15:tid 140392684771200] AH00094: Command line: '/usr/sbin/apache2 -D FOREGROUND'
AH00558: apache2: Could not reliably determine the server's fully qualified domain name, using 172.20.0.3. Set the 'ServerName' directive globally to suppress this message
[Sat Dec 16 18:33:15.866733 2023] [mpm_event:notice] [pid 15:tid 140285538617216] AH00489: Apache/2.4.52 (Ubuntu) OpenSSL/3.0.2 configured -- resuming normal operations
[Sat Dec 16 18:33:15.866967 2023] [core:notice] [pid 15:tid 140285538617216] AH00094: Command line: '/usr/sbin/apache2 -D FOREGROUND'
AH00558: apache2: Could not reliably determine the server's fully qualified domain name, using 172.20.0.3. Set the 'ServerName' directive globally to suppress this message
[Sat Dec 16 18:37:49.466112 2023] [mpm_event:notice] [pid 15:tid 140415370213248] AH00489: Apache/2.4.52 (Ubuntu) OpenSSL/3.0.2 configured -- resuming normal operations
[Sat Dec 16 18:37:49.466367 2023] [core:notice] [pid 15:tid 140415370213248] AH00094: Command line: '/usr/sbin/apache2 -D FOREGROUND'
AH00558: apache2: Could not reliably determine the server's fully qualified domain name, using 172.18.0.2. Set the 'ServerName' directive globally to suppress this message
[Sat Dec 16 18:45:21.243199 2023] [core:warn] [pid 7:tid 139945397913472] AH00098: pid file /var/run/apache2/apache2.pid overwritten -- Unclean shutdown of previous Apache run?
[Sat Dec 16 18:45:21.245782 2023] [mpm_event:notice] [pid 7:tid 139945397913472] AH00489: Apache/2.4.52 (Ubuntu) OpenSSL/3.0.2 configured -- resuming normal operations
[Sat Dec 16 18:45:21.246665 2023] [core:notice] [pid 7:tid 139945397913472] AH00094: Command line: '/usr/sbin/apache2 -D FOREGROUND'
AH00558: apache2: Could not reliably determine the server's fully qualified domain name, using 172.20.0.2. Set the 'ServerName' directive globally to suppress this message
[Sat Dec 16 19:26:24.019719 2023] [mpm_event:notice] [pid 15:tid 140466596980608] AH00489: Apache/2.4.52 (Ubuntu) OpenSSL/3.0.2 configured -- resuming normal operations
[Sat Dec 16 19:26:24.020028 2023] [core:notice] [pid 15:tid 140466596980608] AH00094: Command line: '/usr/sbin/apache2 -D FOREGROUND'
