Version: [32m2.1.1-5-gf9bd534-static[0m
OpenSSL 3.0.12 24 Oct 2023
[0m
[31mERROR: Could not open a connection to host localhost (::1) on port 443 (connect: Connection refused).[0m
[32mConnected to 127.0.0.1[0m

Testing SSL server [32mlocalhost[0m on port [32m443[0m using SNI name [32mlocalhost[0m

  [1;34mSSL/TLS Protocols:[0m
SSLv2     [32mdisabled[0m
SSLv3     [32mdisabled[0m
TLSv1.0   [32mdisabled[0m
TLSv1.1   [32mdisabled[0m
TLSv1.2   enabled
TLSv1.3   [32menabled[0m

  [1;34mTLS Fallback SCSV:[0m
Server [32msupports[0m TLS Fallback SCSV

  [1;34mTLS renegotiation:[0m
Session renegotiation [32mnot supported[0m

  [1;34mTLS Compression:[0m
Compression [32mdisabled[0m

  [1;34mHeartbleed:[0m
TLSv1.3 [32mnot vulnerable[0m to heartbleed
TLSv1.2 [32mnot vulnerable[0m to heartbleed

  [1;34mSupported Server Cipher(s):[0m
[32mPreferred[0m [32mTLSv1.3[0m  [32m256[0m bits  [32mTLS_AES_256_GCM_SHA384       [0m Curve [32m25519[0m DHE 253
Accepted  [32mTLSv1.3[0m  [32m256[0m bits  [32mTLS_CHACHA20_POLY1305_SHA256 [0m Curve [32m25519[0m DHE 253
Accepted  [32mTLSv1.3[0m  [32m128[0m bits  [32mTLS_AES_128_GCM_SHA256       [0m Curve [32m25519[0m DHE 253
[32mPreferred[0m TLSv1.2  [32m256[0m bits  [32mECDHE-RSA-AES256-GCM-SHA384  [0m Curve [32m25519[0m DHE 253
Accepted  TLSv1.2  [32m256[0m bits  ECDHE-RSA-AES256-SHA384       Curve [32m25519[0m DHE 253
Accepted  TLSv1.2  [32m128[0m bits  [32mECDHE-RSA-AES128-GCM-SHA256  [0m Curve [32m25519[0m DHE 253
Accepted  TLSv1.2  [32m128[0m bits  ECDHE-RSA-AES128-SHA256       Curve [32m25519[0m DHE 253
Accepted  TLSv1.2  [32m256[0m bits  ECDHE-RSA-AES256-SHA          Curve [32m25519[0m DHE 253
Accepted  TLSv1.2  [32m256[0m bits  [32mECDHE-RSA-CHACHA20-POLY1305  [0m Curve [32m25519[0m DHE 253
Accepted  TLSv1.2  [32m256[0m bits  [32mECDHE-ARIA256-GCM-SHA384     [0m Curve [32m25519[0m DHE 253
Accepted  TLSv1.2  [32m128[0m bits  [32mECDHE-ARIA128-GCM-SHA256     [0m Curve [32m25519[0m DHE 253
Accepted  TLSv1.2  [32m256[0m bits  ECDHE-RSA-CAMELLIA256-SHA384  Curve [32m25519[0m DHE 253
Accepted  TLSv1.2  [32m128[0m bits  ECDHE-RSA-CAMELLIA128-SHA256  Curve [32m25519[0m DHE 253
Accepted  TLSv1.2  [32m128[0m bits  ECDHE-RSA-AES128-SHA          Curve [32m25519[0m DHE 253
Accepted  TLSv1.2  [32m256[0m bits  AES256-GCM-SHA384            
Accepted  TLSv1.2  [32m256[0m bits  AES256-CCM8                  
Accepted  TLSv1.2  [32m256[0m bits  AES256-CCM                   
Accepted  TLSv1.2  [32m256[0m bits  ARIA256-GCM-SHA384           
Accepted  TLSv1.2  [32m128[0m bits  AES128-GCM-SHA256            
Accepted  TLSv1.2  [32m128[0m bits  AES128-CCM8                  
Accepted  TLSv1.2  [32m128[0m bits  AES128-CCM                   
Accepted  TLSv1.2  [32m128[0m bits  ARIA128-GCM-SHA256           
Accepted  TLSv1.2  [32m256[0m bits  AES256-SHA256                
Accepted  TLSv1.2  [32m256[0m bits  CAMELLIA256-SHA256           
Accepted  TLSv1.2  [32m128[0m bits  AES128-SHA256                
Accepted  TLSv1.2  [32m128[0m bits  CAMELLIA128-SHA256           
Accepted  TLSv1.2  [32m256[0m bits  AES256-SHA                   
Accepted  TLSv1.2  [32m256[0m bits  CAMELLIA256-SHA              
Accepted  TLSv1.2  [32m128[0m bits  AES128-SHA                   
Accepted  TLSv1.2  [32m128[0m bits  CAMELLIA128-SHA              

  [1;34mServer Key Exchange Group(s):[0m
TLSv1.3  [32m128[0m bits  secp256r1 (NIST P-256)[0m
TLSv1.3  [32m192[0m bits  secp384r1 (NIST P-384)[0m
TLSv1.3  [32m260[0m bits  secp521r1 (NIST P-521)[0m
TLSv1.3  [32m128[0m bits  [32mx25519[0m
TLSv1.3  [32m224[0m bits  [32mx448[0m
TLSv1.3  [32m112[0m bits  ffdhe2048[0m
TLSv1.3  [32m128[0m bits  ffdhe3072[0m
TLSv1.3  [32m150[0m bits  ffdhe4096[0m
TLSv1.3  [32m175[0m bits  ffdhe6144[0m
TLSv1.3  [32m192[0m bits  ffdhe8192[0m
TLSv1.2  [32m128[0m bits  secp256r1 (NIST P-256)[0m
TLSv1.2  [32m192[0m bits  secp384r1 (NIST P-384)[0m
TLSv1.2  [32m260[0m bits  secp521r1 (NIST P-521)[0m
TLSv1.2  [32m128[0m bits  [32mx25519[0m
TLSv1.2  [32m224[0m bits  [32mx448[0m

  [1;34mSSL Certificate:[0m
Signature Algorithm: [32msha256WithRSAEncryption[0m
RSA Key Strength:    [32m4096[0m

Subject:  localhost
Altnames: DNS:localhost, DNS:*.unipi.gr, DNS:unipi.gr, DNS:127.0.0.1, DNS:127.0.0.2
Issuer:   CA

Not valid before: [32mDec 16 18:30:47 2023 GMT[0m
Not valid after:  [32mDec 15 18:30:47 2024 GMT[0m
